<?xml version="1.0" encoding="UTF-8"?>
<!-- Generated by org.testng.reporters.JUnitXMLReporter -->
<testsuite ignored="0" hostname="DESKTOP-2E4SG6O" failures="1" tests="4" name="All Tests" time="70.786" errors="0" timestamp="2026-04-20T11:22:58 IST">
  <testcase classname="tests.HomeTest" name="verifyHomePage" time="10.296"/>
  <testcase classname="tests.QuestionsTest" name="testAddQuestion" time="6.022"/>
  <testcase classname="tests.PricingTest" name="testPricing" time="26.315"/>
  <testcase classname="tests.SettingsTest" name="updateSettingsTest" time="3.965">
    <failure type="java.lang.AssertionError" message="Value not updated correctly expected [Automation User] but found [null]">
      <![CDATA[java.lang.AssertionError: Value not updated correctly expected [Automation User] but found [null]
at tests.SettingsTest.updateSettingsTest(SettingsTest.java:28)
at java.base/java.util.ArrayList.forEach(ArrayList.java:1604)
... Removed 30 stack frames]]>
    </failure>
  </testcase> <!-- updateSettingsTest -->
</testsuite> <!-- All Tests -->
